<?xml version="1.0" encoding="UTF-8"?>
<testsuites name="jest tests" tests="21" failures="0" errors="0" time="73.734">
  <testsuite name="undefined" errors="0" failures="0" skipped="0" timestamp="2020-11-26T06:25:42" time="53.385" tests="10">
    <testcase classname=" just compile" name=" just compile" time="2.542">
    </testcase>
    <testcase classname=" compilation error fails and includes error message" name=" compilation error fails and includes error message" time="1.209">
    </testcase>
    <testcase classname=" python + different entrypoint + submodule" name=" python + different entrypoint + submodule" time="2.585">
    </testcase>
    <testcase classname=" java + different entrypoint" name=" java + different entrypoint" time="2.525">
    </testcase>
    <testcase classname=" csharp + different entrypoint" name=" csharp + different entrypoint" time="2.505">
    </testcase>
    <testcase classname=" deps: compile against a local jsii dependency" name=" deps: compile against a local jsii dependency" time="2.662">
    </testcase>
    <testcase classname=" outputJsii can be used to look at the jsii file" name=" outputJsii can be used to look at the jsii file" time="2.533">
    </testcase>
    <testcase classname=" java with invalid package" name=" java with invalid package" time="11.237">
    </testcase>
    <testcase classname=" python with invalid module name" name=" python with invalid module name" time="10.615">
    </testcase>
    <testcase classname=" csharp with invalid namespace" name=" csharp with invalid namespace" time="11.802">
    </testcase>
  </testsuite>
  <testsuite name="undefined" errors="0" failures="0" skipped="0" timestamp="2020-11-26T06:26:35" time="19.494" tests="11">
    <testcase classname=" no arguments - fails with help" name=" no arguments - fails with help" time="0.666">
    </testcase>
    <testcase classname=" invalid entrypoint" name=" invalid entrypoint" time="0.18">
    </testcase>
    <testcase classname=" compile only" name=" compile only" time="2.723">
    </testcase>
    <testcase classname=" jsii output" name=" jsii output" time="2.703">
    </testcase>
    <testcase classname=" fails if only one python option is given" name=" fails if only one python option is given" time="0.322">
    </testcase>
    <testcase classname=" fails if only one java option is given" name=" fails if only one java option is given" time="0.336">
    </testcase>
    <testcase classname=" fails if only one csharp option is given" name=" fails if only one csharp option is given" time="0.327">
    </testcase>
    <testcase classname=" python output" name=" python output" time="2.745">
    </testcase>
    <testcase classname=" java output" name=" java output" time="2.751">
    </testcase>
    <testcase classname=" csharp output" name=" csharp output" time="2.724">
    </testcase>
    <testcase classname=" dependencies" name=" dependencies" time="3.751">
    </testcase>
  </testsuite>
</testsuites>